<?xml version="1.0" encoding="UTF-8"?>
<!-- Generated by org.testng.reporters.JUnitXMLReporter -->
<testsuite ignored="0" hostname="SSNakate" failures="0" tests="3" name="Default test" time="30.669" errors="0" timestamp="2023-09-15T14:32:17 IST">
  <testcase classname="hybridframework.tests.SubmitOrderTest" name="submitOrder" time="4.939"/>
  <testcase classname="hybridframework.tests.SubmitOrderTest" name="submitOrder" time="4.822"/>
  <testcase classname="hybridframework.tests.SubmitOrderTest" name="ordeHistoryTest" time="1.383"/>
</testsuite> <!-- Default test -->
