<?xml version="1.0" encoding="UTF-8"?>
<!-- Generated by org.testng.reporters.JUnitXMLReporter -->
<testsuite ignored="0" hostname="SSNakate" failures="0" tests="3" name="SubmitOrder Test" time="20.981" errors="0" timestamp="2023-06-28T18:29:46 IST">
  <testcase classname="hybridframework.tests.SubmitOrderTest" name="submitOrder" time="5.266"/>
  <testcase classname="hybridframework.tests.SubmitOrderTest" name="submitOrder" time="4.301"/>
  <testcase classname="hybridframework.tests.SubmitOrderTest" name="ordeHistoryTest" time="0.961"/>
</testsuite> <!-- SubmitOrder Test -->
